<?xml version="1.0" encoding="windows-1252" standalone="no"?>
<!DOCTYPE log SYSTEM "logger.dtd">
<log>
<record>
  <date>2015-03-19T16:46:19</date>
  <millis>1426779979292</millis>
  <sequence>0</sequence>
  <logger>jMetal</logger>
  <level>INFO</level>
  <class>reet.fbk.eu.jmetal.initialization.SPEA2_Run</class>
  <method>run</method>
  <thread>1</thread>
  <message>Total execution time: 329015ms</message>
</record>
<record>
  <date>2015-03-19T16:46:24</date>
  <millis>1426779984642</millis>
  <sequence>1</sequence>
  <logger>jMetal</logger>
  <level>INFO</level>
  <class>reet.fbk.eu.jmetal.initialization.SPEA2_Run</class>
  <method>run</method>
  <thread>1</thread>
  <message>Variables values have been writen to file VAR</message>
</record>
<record>
  <date>2015-03-19T16:46:36</date>
  <millis>1426779996386</millis>
  <sequence>2</sequence>
  <logger>jMetal</logger>
  <level>INFO</level>
  <class>reet.fbk.eu.jmetal.initialization.SPEA2_Run</class>
  <method>run</method>
  <thread>1</thread>
  <message>Objectives values have been writen to file FUN</message>
</record>
