<?xml version="1.0" encoding="windows-1252" standalone="no"?>
<!DOCTYPE log SYSTEM "logger.dtd">
<log>
<record>
  <date>2014-05-30T16:22:24</date>
  <millis>1401459744758</millis>
  <sequence>0</sequence>
  <logger>jMetal</logger>
  <level>INFO</level>
  <class>reet.fbk.eu.OptimizeEnergyPLANAalborg.OPtimizeEnergyPLANAalborgMain</class>
  <method>main</method>
  <thread>1</thread>
  <message>Total execution time: 31429ms</message>
</record>
<record>
  <date>2014-05-30T16:22:24</date>
  <millis>1401459744774</millis>
  <sequence>1</sequence>
  <logger>jMetal</logger>
  <level>INFO</level>
  <class>reet.fbk.eu.OptimizeEnergyPLANAalborg.OPtimizeEnergyPLANAalborgMain</class>
  <method>main</method>
  <thread>1</thread>
  <message>Variables values have been writen to file VAR</message>
</record>
<record>
  <date>2014-05-30T16:22:24</date>
  <millis>1401459744776</millis>
  <sequence>2</sequence>
  <logger>jMetal</logger>
  <level>INFO</level>
  <class>reet.fbk.eu.OptimizeEnergyPLANAalborg.OPtimizeEnergyPLANAalborgMain</class>
  <method>main</method>
  <thread>1</thread>
  <message>Objectives values have been writen to file FUN</message>
</record>
<record>
  <date>2014-05-30T16:22:56</date>
  <millis>1401459776130</millis>
  <sequence>3</sequence>
  <logger>jMetal</logger>
  <level>INFO</level>
  <class>reet.fbk.eu.OptimizeEnergyPLANAalborg.OPtimizeEnergyPLANAalborgMain</class>
  <method>main</method>
  <thread>1</thread>
  <message>Total execution time: 31353ms</message>
</record>
<record>
  <date>2014-05-30T16:22:56</date>
  <millis>1401459776130</millis>
  <sequence>4</sequence>
  <logger>jMetal</logger>
  <level>INFO</level>
  <class>reet.fbk.eu.OptimizeEnergyPLANAalborg.OPtimizeEnergyPLANAalborgMain</class>
  <method>main</method>
  <thread>1</thread>
  <message>Variables values have been writen to file VAR</message>
</record>
<record>
  <date>2014-05-30T16:22:56</date>
  <millis>1401459776131</millis>
  <sequence>5</sequence>
  <logger>jMetal</logger>
  <level>INFO</level>
  <class>reet.fbk.eu.OptimizeEnergyPLANAalborg.OPtimizeEnergyPLANAalborgMain</class>
  <method>main</method>
  <thread>1</thread>
  <message>Objectives values have been writen to file FUN</message>
</record>
</log>
