\BOOKMARK [1][-]{section.1}{Introduction}{}% 1
\BOOKMARK [1][-]{section.2}{Chromosome representation}{}% 2
\BOOKMARK [2][-]{subsection.2.1}{Problem with Integer representation}{section.2}% 3
\BOOKMARK [2][-]{subsection.2.2}{Representation}{section.2}% 4
\BOOKMARK [2][-]{subsection.2.3}{Repair function}{section.2}% 5
\BOOKMARK [1][-]{section.3}{Problem Specific Mutation}{}% 6
\BOOKMARK [2][-]{subsection.3.1}{Renewable energy favour mutation}{section.3}% 7
\BOOKMARK [1][-]{section.4}{Quality Indicators for Multi-objective Optimization Problem}{}% 8
\BOOKMARK [2][-]{subsection.4.1}{Generational Distance \(GD\)}{section.4}% 9
\BOOKMARK [2][-]{subsection.4.2}{Inverted Generational Distance \(IGD\)}{section.4}% 10
\BOOKMARK [2][-]{subsection.4.3}{Spread}{section.4}% 11
\BOOKMARK [2][-]{subsection.4.4}{Generalized Spread}{section.4}% 12
\BOOKMARK [2][-]{subsection.4.5}{Epsilon}{section.4}% 13
\BOOKMARK [2][-]{subsection.4.6}{Hypervolume}{section.4}% 14
\BOOKMARK [2][-]{subsection.4.7}{Discussion}{section.4}% 15
\BOOKMARK [1][-]{section.5}{Experimental Setup}{}% 16
\BOOKMARK [1][-]{section.6}{Results}{}% 17
\BOOKMARK [2][-]{subsection.6.1}{Results after completion of run}{section.6}% 18
\BOOKMARK [2][-]{subsection.6.2}{Results during run}{section.6}% 19
\BOOKMARK [1][-]{section.7}{Future work}{}% 20
